<?xml version="1.0" encoding="UTF-8"?>
<testsuite xmlns:xsi="http://www.w3.org/2001/XMLSchema-instance" xsi:noNamespaceSchemaLocation="https://maven.apache.org/surefire/maven-surefire-plugin/xsd/surefire-test-report-3.0.xsd" version="3.0" name="domain.EngineTest" time="0.277" tests="17" errors="0" skipped="0" failures="0">
  <properties>
[...]
</properties>
  <testcase name="getQuantityPatternByPriceReturns0With3MockOrdersAndPrice9ForOrdersAndInput" classname="domain.EngineTest" time="0.021"/>
  <testcase name="getAverageOrderQuantityByCustomerReturns0WithNoOrderHistory" classname="domain.EngineTest" time="0.0"/>
  <testcase name="addOrderAndGetFraudulentQuantityReturns0WhenEmptyOrderHistoryDoesNotContainTheInputMockOrder" classname="domain.EngineTest" time="0.0"/>
  <testcase name="getAverageOrderQuantityByCustomerReturns0With2MockOrdersForCustomer1AndInputCustomer2" classname="domain.EngineTest" time="0.0"/>
  <testcase name="addOrderAndGetFraudulentQuantityReturns5" classname="domain.EngineTest" time="0.0"/>
  <testcase name="getQuantityPatternByPriceReturnsDiffAmountWith3MockOrdersAndSameDiffBetweenOrdersAndInput" classname="domain.EngineTest" time="0.0"/>
  <testcase name="addOrderAndGetFraudulentQuantityReturns0WhenOrderIsAlreadyInHistoryList" classname="domain.EngineTest" time="0.002"/>
  <testcase name="getAverageOrderQuantityByCustomerReturnsAvgWithNotSeenCustomer" classname="domain.EngineTest" time="0.002"/>
  <testcase name="getCustomerFraudulentQuantityReturns5With2MockOrdersWithAverageOf12AndInputOrderQuantityOf17" classname="domain.EngineTest" time="0.001"/>
  <testcase name="getQuantityPatternByPriceReturns0With2MockOrdersWithDifferentPricesWithInput" classname="domain.EngineTest" time="0.001"/>
  <testcase name="getCustomerFraudulentQuantityReturns0With2MockOrdersWithAverageOf12AndInputOrderQuantityOf7" classname="domain.EngineTest" time="0.001"/>
  <testcase name="getQuantityPatternByPriceReturns0With0OrderHistoryAndPrice9" classname="domain.EngineTest" time="0.002"/>
  <testcase name="EngineConstructorAssignsOrderHistoryANewArrayList" classname="domain.EngineTest" time="0.001"/>
  <testcase name="getAverageOrderQuantityByCustomerReturns12With1MockOrderAndSameCustomerForTheOrderAndInput" classname="domain.EngineTest" time="0.001"/>
  <testcase name="getAverageOrderQuantityByCustomerReturns12With2MockOrdersForCustomer1AndInputCustomer1" classname="domain.EngineTest" time="0.002"/>
  <testcase name="getQuantityPatternByPriceReturns12With2MockOrdersAndPrice9ForOrdersAndInput" classname="domain.EngineTest" time="0.001"/>
  <testcase name="getAverageOrderQuantityByCustomerReturnsAvgWithSomeOrderHistory" classname="domain.EngineTest" time="0.002"/>
</testsuite>